<?xml version="1.0" encoding="UTF-8"?>

<testsuite xmlns:xsi="http://www.w3.org/2001/XMLSchema-instance" xsi:noNamespaceSchemaLocation="https://maven.apache.org/surefire/maven-surefire-plugin/xsd/surefire-test-report-3.0.xsd" version="3.0" name="com.mycompany.cinemaseat.FuncionCineTest" time="0.029" tests="6" errors="0" skipped="0" failures="0">

<testsuite xmlns:xsi="http://www.w3.org/2001/XMLSchema-instance" xsi:noNamespaceSchemaLocation="https://maven.apache.org/surefire/maven-surefire-plugin/xsd/surefire-test-report-3.0.xsd" version="3.0" name="com.mycompany.cinemaseat.FuncionCineTest" time="0.113" tests="1" errors="0" skipped="0" failures="1">

  <properties>
    <property name="sonar.projectName" value="misistema"/>
    <property name="java.specification.version" value="17"/>
    <property name="sun.cpu.isalist" value="amd64"/>
    <property name="sonar.host.url" value="http://localhost:9000"/>
    <property name="sun.jnu.encoding" value="Cp1252"/>
    <property name="java.class.path" value="C:\Users\Cocki\Documents\GitHub\TAREA03_PATRONES_PRUEBASS\CinemaSeat\target\test-classes;C:\Users\Cocki\Documents\GitHub\TAREA03_PATRONES_PRUEBASS\CinemaSeat\target\classes;C:\Users\Cocki\.m2\repository\org\junit\jupiter\junit-jupiter-api\5.10.3\junit-jupiter-api-5.10.3.jar;C:\Users\Cocki\.m2\repository\org\opentest4j\opentest4j\1.3.0\opentest4j-1.3.0.jar;C:\Users\Cocki\.m2\repository\org\junit\platform\junit-platform-commons\1.10.3\junit-platform-commons-1.10.3.jar;C:\Users\Cocki\.m2\repository\org\apiguardian\apiguardian-api\1.1.2\apiguardian-api-1.1.2.jar;C:\Users\Cocki\.m2\repository\org\junit\jupiter\junit-jupiter-params\5.10.3\junit-jupiter-params-5.10.3.jar;C:\Users\Cocki\.m2\repository\org\junit\jupiter\junit-jupiter-engine\5.10.3\junit-jupiter-engine-5.10.3.jar;C:\Users\Cocki\.m2\repository\org\junit\platform\junit-platform-engine\1.10.3\junit-platform-engine-1.10.3.jar;"/>
    <property name="java.vm.vendor" value="Eclipse Adoptium"/>
    <property name="sun.arch.data.model" value="64"/>
    <property name="user.variant" value=""/>
    <property name="java.vendor.url" value="https://adoptium.net/"/>
    <property name="user.timezone" value="America/Guayaquil"/>
    <property name="os.name" value="Windows 10"/>
    <property name="java.vm.specification.version" value="17"/>
    <property name="sun.java.launcher" value="SUN_STANDARD"/>

    <property name="user.country" value="EC"/>
    <property name="sun.boot.library.path" value="C:\Users\Cocki\Desktop\DISENIO_SOFT\OpenJDK17U-jdk_x64_windows_hotspot_17.0.16_8\jdk-17.0.16+8\bin"/>
    <property name="sun.java.command" value="C:\Users\Cocki\AppData\Local\Temp\surefire8343444645390068193\surefirebooter-20250823205703334_3.jar C:\Users\Cocki\AppData\Local\Temp\surefire8343444645390068193 2025-08-23T20-57-03_156-jvmRun1 surefire-20250823205703334_1tmp surefire_0-20250823205703334_2tmp"/>
    <property name="jdk.debug" value="release"/>
    <property name="surefire.test.class.path" value="C:\Users\Cocki\Documents\GitHub\TAREA03_PATRONES_PRUEBASS\CinemaSeat\target\test-classes;C:\Users\Cocki\Documents\GitHub\TAREA03_PATRONES_PRUEBASS\CinemaSeat\target\classes;C:\Users\Cocki\.m2\repository\org\junit\jupiter\junit-jupiter-api\5.10.3\junit-jupiter-api-5.10.3.jar;C:\Users\Cocki\.m2\repository\org\opentest4j\opentest4j\1.3.0\opentest4j-1.3.0.jar;C:\Users\Cocki\.m2\repository\org\junit\platform\junit-platform-commons\1.10.3\junit-platform-commons-1.10.3.jar;C:\Users\Cocki\.m2\repository\org\apiguardian\apiguardian-api\1.1.2\apiguardian-api-1.1.2.jar;C:\Users\Cocki\.m2\repository\org\junit\jupiter\junit-jupiter-params\5.10.3\junit-jupiter-params-5.10.3.jar;C:\Users\Cocki\.m2\repository\org\junit\jupiter\junit-jupiter-engine\5.10.3\junit-jupiter-engine-5.10.3.jar;C:\Users\Cocki\.m2\repository\org\junit\platform\junit-platform-engine\1.10.3\junit-platform-engine-1.10.3.jar;"/>

    <property name="sun.boot.library.path" value="C:\Users\joseg\OneDrive\Documentos\OpenJDK-24\bin"/>
    <property name="sun.java.command" value="C:\Users\joseg\AppData\Local\Temp\surefire14830570669657446473\surefirebooter-20250810200120467_3.jar C:\Users\joseg\AppData\Local\Temp\surefire14830570669657446473 2025-08-10T20-01-20_348-jvmRun1 surefire-20250810200120467_1tmp surefire_0-20250810200120467_2tmp"/>
    <property name="jdk.debug" value="release"/>
    <property name="test" value="com.mycompany.cinemaseat.FuncionCineTest#testCambiarEstadoNullYNotificar"/>
    <property name="surefire.test.class.path" value="C:\Users\joseg\OneDrive\Escritorio\DISEÑO DE SOFTWARE\tarea3\TAREA03_PATRONES_PRUEBASS\CinemaSeat\target\test-classes;C:\Users\joseg\OneDrive\Escritorio\DISEÑO DE SOFTWARE\tarea3\TAREA03_PATRONES_PRUEBASS\CinemaSeat\target\classes;C:\Users\joseg\.m2\repository\org\junit\jupiter\junit-jupiter-api\5.10.3\junit-jupiter-api-5.10.3.jar;C:\Users\joseg\.m2\repository\org\opentest4j\opentest4j\1.3.0\opentest4j-1.3.0.jar;C:\Users\joseg\.m2\repository\org\junit\platform\junit-platform-commons\1.10.3\junit-platform-commons-1.10.3.jar;C:\Users\joseg\.m2\repository\org\apiguardian\apiguardian-api\1.1.2\apiguardian-api-1.1.2.jar;C:\Users\joseg\.m2\repository\org\junit\jupiter\junit-jupiter-params\5.10.3\junit-jupiter-params-5.10.3.jar;C:\Users\joseg\.m2\repository\org\junit\jupiter\junit-jupiter-engine\5.10.3\junit-jupiter-engine-5.10.3.jar;C:\Users\joseg\.m2\repository\org\junit\platform\junit-platform-engine\1.10.3\junit-platform-engine-1.10.3.jar;"/>

    <property name="sun.cpu.endian" value="little"/>
    <property name="user.home" value="C:\Users\Cocki"/>
    <property name="user.language" value="es"/>
    <property name="java.specification.vendor" value="Oracle Corporation"/>
    <property name="java.version.date" value="2025-07-15"/>
    <property name="java.home" value="C:\Users\Cocki\Desktop\DISENIO_SOFT\OpenJDK17U-jdk_x64_windows_hotspot_17.0.16_8\jdk-17.0.16+8"/>
    <property name="file.separator" value="\"/>
    <property name="basedir" value="C:\Users\Cocki\Documents\GitHub\TAREA03_PATRONES_PRUEBASS\CinemaSeat"/>
    <property name="java.vm.compressedOopsMode" value="Zero based"/>
    <property name="line.separator" value="&#10;"/>
    <property name="java.vm.specification.vendor" value="Oracle Corporation"/>
    <property name="java.specification.name" value="Java Platform API Specification"/>

    <property name="surefire.real.class.path" value="C:\Users\Cocki\AppData\Local\Temp\surefire8343444645390068193\surefirebooter-20250823205703334_3.jar"/>

    <property name="surefire.real.class.path" value="C:\Users\joseg\AppData\Local\Temp\surefire14830570669657446473\surefirebooter-20250810200120467_3.jar"/>

    <property name="user.script" value=""/>
    <property name="sun.management.compiler" value="HotSpot 64-Bit Tiered Compilers"/>
    <property name="java.runtime.version" value="17.0.16+8"/>
    <property name="user.name" value="Cocki"/>
    <property name="path.separator" value=";"/>
    <property name="os.version" value="10.0"/>
    <property name="java.runtime.name" value="OpenJDK Runtime Environment"/>
    <property name="file.encoding" value="Cp1252"/>
    <property name="java.vm.name" value="OpenJDK 64-Bit Server VM"/>
    <property name="java.vendor.version" value="Temurin-17.0.16+8"/>
    <property name="localRepository" value="C:\Users\Cocki\.m2\repository"/>
    <property name="java.vendor.url.bug" value="https://github.com/adoptium/adoptium-support/issues"/>
    <property name="java.io.tmpdir" value="C:\Users\Cocki\AppData\Local\Temp\"/>
    <property name="sonar.token" value="sqp_018187bfbb2ef92e5e57981b749637d5813d64c6"/>
    <property name="java.version" value="17.0.16"/>
    <property name="user.dir" value="C:\Users\Cocki\Documents\GitHub\TAREA03_PATRONES_PRUEBASS\CinemaSeat"/>
    <property name="os.arch" value="amd64"/>
    <property name="java.vm.specification.name" value="Java Virtual Machine Specification"/>
    <property name="sun.os.patch.level" value=""/>
    <property name="native.encoding" value="Cp1252"/>
    <property name="sonar.projectKey" value="misistema"/>
    <property name="java.library.path" value="C:\Users\Cocki\Desktop\DISENIO_SOFT\OpenJDK17U-jdk_x64_windows_hotspot_17.0.16_8\jdk-17.0.16+8\bin;C:\WINDOWS\Sun\Java\bin;C:\WINDOWS\system32;C:\WINDOWS;C:\Program Files (x86)\VMware\VMware Player\;C:\Users\Cocki\Desktop\DISENIO_SOFT\apache-maven-3.9.11-bin\apache-maven-3.9.11\bin;C:\Users\Cocki\Desktop\DISENIO_SOFT\OpenJDK17U-jdk_x64_windows_hotspot_17.0.16_8\jdk-17.0.16+8\bin;C:\Program Files\Common Files\Oracle\Java\javapath;C:\WINDOWS\system32;C:\WINDOWS;C:\WINDOWS\System32\Wbem;C:\WINDOWS\System32\WindowsPowerShell\v1.0\;C:\WINDOWS\System32\OpenSSH\;C:\Program Files (x86)\ATI Technologies\ATI.ACE\Core-Static;C:\Program Files\Git\cmd;C:\Users\Cocki\Desktop\DISENIO_SOFT\apache-maven-3.9.11-bin\apache-maven-3.9.11;C:\Users\Cocki\AppData\Local\Microsoft\WindowsApps;C:\Users\Cocki\AppData\Local\Programs\Microsoft VS Code\bin;C:\Users\Cocki\AppData\Local\GitHubDesktop\bin;C:\Program Files\JetBrains\IntelliJ IDEA 2025.2\bin; ;."/>
    <property name="java.vm.info" value="mixed mode, sharing"/>
    <property name="java.vendor" value="Eclipse Adoptium"/>
    <property name="java.vm.version" value="17.0.16+8"/>
    <property name="java.specification.maintenance.version" value="1"/>
    <property name="sun.io.unicode.encoding" value="UnicodeLittle"/>
    <property name="java.class.version" value="61.0"/>
  </properties>

  <testcase name="testCambiarEstadoYNotificar" classname="com.mycompany.cinemaseat.FuncionCineTest" time="0.014">
    <system-out><![CDATA[Notificacion para Juan: La función esta ahora en estado: activa

  <testcase name="testCambiarEstadoNullYNotificar" classname="com.mycompany.cinemaseat.FuncionCineTest" time="0.062">
    <failure message="expected: &lt;La función está ahora en estado: null&gt; but was: &lt;La función esta ahora en estado: null&gt;" type="org.opentest4j.AssertionFailedError"><![CDATA[org.opentest4j.AssertionFailedError: expected: <La función está ahora en estado: null> but was: <La función esta ahora en estado: null>
	at org.junit.jupiter.api.AssertionFailureBuilder.build(AssertionFailureBuilder.java:151)
	at org.junit.jupiter.api.AssertionFailureBuilder.buildAndThrow(AssertionFailureBuilder.java:132)
	at org.junit.jupiter.api.AssertEquals.failNotEqual(AssertEquals.java:197)
	at org.junit.jupiter.api.AssertEquals.assertEquals(AssertEquals.java:182)
	at org.junit.jupiter.api.AssertEquals.assertEquals(AssertEquals.java:177)
	at org.junit.jupiter.api.Assertions.assertEquals(Assertions.java:1145)
	at com.mycompany.cinemaseat.FuncionCineTest.testCambiarEstadoNullYNotificar(FuncionCineTest.java:51)
	at java.base/java.lang.reflect.Method.invoke(Method.java:565)
	at java.base/java.util.ArrayList.forEach(ArrayList.java:1604)
	at java.base/java.util.ArrayList.forEach(ArrayList.java:1604)
]]></failure>
    <system-out><![CDATA[Notificacion para Ana: La función esta ahora en estado: null

]]></system-out>
  </testcase>
  <testcase name="testNotificarSinSuscriptores" classname="com.mycompany.cinemaseat.FuncionCineTest" time="0.002"/>
  <testcase name="testNotificarMultiplesSuscriptores" classname="com.mycompany.cinemaseat.FuncionCineTest" time="0.001">
    <system-out><![CDATA[Notificacion para Luis: La función esta ahora en estado: Finalizada
Notificacion para Marta: La función esta ahora en estado: Finalizada
]]></system-out>
  </testcase>
  <testcase name="testRegistrarSuscriptorNull" classname="com.mycompany.cinemaseat.FuncionCineTest" time="0.001"/>
  <testcase name="testCambiarEstadoNullYNotificar" classname="com.mycompany.cinemaseat.FuncionCineTest" time="0.001">
    <system-out><![CDATA[Notificacion para Ana: La función esta ahora en estado: null
]]></system-out>
  </testcase>
  <testcase name="testRegistrarSuscriptorValido" classname="com.mycompany.cinemaseat.FuncionCineTest" time="0.001"/>
</testsuite>